[
  {
    "line": 1,
    "elements": [
      {
        "line": 11,
        "name": "Login Page",
        "description": "",
        "id": "hotel-booking-in-adactin-application;login-page;;2",
        "type": "scenario",
        "keyword": "Scenario Outline",
        "steps": [
          {
            "result": {
              "duration": 903667435,
              "error_message": "org.openqa.selenium.WebDriverException: unknown error: net::ERR_INTERNET_DISCONNECTED\n  (Session info: chrome\u003d95.0.4638.54)\nBuild info: version: \u00273.141.59\u0027, revision: \u0027e82be7d358\u0027, time: \u00272018-11-14T08:17:03\u0027\nSystem info: host: \u0027RAJKAMAL\u0027, ip: \u0027127.0.0.1\u0027, os.name: \u0027Windows 8.1\u0027, os.arch: \u0027amd64\u0027, os.version: \u00276.3\u0027, java.version: \u00271.8.0_291\u0027\nDriver info: org.openqa.selenium.chrome.ChromeDriver\nCapabilities {acceptInsecureCerts: false, browserName: chrome, browserVersion: 95.0.4638.54, chrome: {chromedriverVersion: 95.0.4638.17 (a9d0719444d4b..., userDataDir: C:\\Users\\MA088~1.RAJ\\AppDat...}, goog:chromeOptions: {debuggerAddress: localhost:49948}, javascriptEnabled: true, networkConnectionEnabled: false, pageLoadStrategy: normal, platform: WINDOWS, platformName: WINDOWS, proxy: Proxy(), setWindowRect: true, strictFileInteractability: false, timeouts: {implicit: 0, pageLoad: 300000, script: 30000}, unhandledPromptBehavior: dismiss and notify, webauthn:extension:credBlob: true, webauthn:extension:largeBlob: true, webauthn:virtualAuthenticators: true}\nSession ID: 106a2be00ef1643803731954901ac673\r\n\tat sun.reflect.NativeConstructorAccessorImpl.newInstance0(Native Method)\r\n\tat sun.reflect.NativeConstructorAccessorImpl.newInstance(Unknown Source)\r\n\tat sun.reflect.DelegatingConstructorAccessorImpl.newInstance(Unknown Source)\r\n\tat java.lang.reflect.Constructor.newInstance(Unknown Source)\r\n\tat org.openqa.selenium.remote.http.W3CHttpResponseCodec.createException(W3CHttpResponseCodec.java:187)\r\n\tat org.openqa.selenium.remote.http.W3CHttpResponseCodec.decode(W3CHttpResponseCodec.java:122)\r\n\tat org.openqa.selenium.remote.http.W3CHttpResponseCodec.decode(W3CHttpResponseCodec.java:49)\r\n\tat org.openqa.selenium.remote.HttpCommandExecutor.execute(HttpCommandExecutor.java:158)\r\n\tat org.openqa.selenium.remote.service.DriverCommandExecutor.execute(DriverCommandExecutor.java:83)\r\n\tat org.openqa.selenium.remote.RemoteWebDriver.execute(RemoteWebDriver.java:552)\r\n\tat org.openqa.selenium.remote.RemoteWebDriver.get(RemoteWebDriver.java:277)\r\n\tat com.Base_Class_Adactin.Base_Class.geturl(Base_Class.java:291)\r\n\tat com.StepD.Step_Definition.user_Launch_The_Application(Step_Definition.java:25)\r\n\tat ✽.Given user Launch The Application(src/test/java/com/adactin/feature/Adactin.feature:5)\r\n",
              "status": "failed"
            },
            "line": 5,
            "name": "user Launch The Application",
            "match": {
              "location": "Step_Definition.user_Launch_The_Application()"
            },
            "keyword": "Given "
          },
          {
            "result": {
              "status": "skipped"
            },
            "line": 6,
            "name": "user Enter The \"66668888\" In Username Field",
            "match": {
              "arguments": [
                {
                  "val": "66668888",
                  "offset": 16
                }
              ],
              "location": "Step_Definition.user_Enter_The_In_Username_Field(String)"
            },
            "matchedColumns": [
              0
            ],
            "keyword": "When "
          },
          {
            "result": {
              "status": "skipped"
            },
            "line": 7,
            "name": "user Enter The \"9876543210\" In Password Field",
            "match": {
              "arguments": [
                {
                  "val": "9876543210",
                  "offset": 16
                }
              ],
              "location": "Step_Definition.user_Enter_The_In_Password_Field(String)"
            },
            "matchedColumns": [
              1
            ],
            "keyword": "And "
          },
          {
            "result": {
              "status": "skipped"
            },
            "line": 8,
            "name": "user Click On The Login Button And It Navigates To The Search Hotel Page",
            "match": {
              "location": "Step_Definition.user_Click_On_The_Login_Button_And_It_Navigates_To_The_Search_Hotel_Page()"
            },
            "keyword": "Then "
          }
        ],
        "tags": [
          {
            "line": 3,
            "name": "@smokeTest"
          }
        ]
      },
      {
        "line": 15,
        "name": "Search Hotel Page",
        "description": "",
        "id": "hotel-booking-in-adactin-application;search-hotel-page",
        "type": "scenario",
        "keyword": "Scenario",
        "steps": [
          {
            "result": {
              "duration": 73267027,
              "error_message": "org.openqa.selenium.NoSuchElementException: no such element: Unable to locate element: {\"method\":\"xpath\",\"selector\":\"//select[@id\u003d\u0027location\u0027]\"}\n  (Session info: chrome\u003d95.0.4638.54)\nFor documentation on this error, please visit: https://www.seleniumhq.org/exceptions/no_such_element.html\nBuild info: version: \u00273.141.59\u0027, revision: \u0027e82be7d358\u0027, time: \u00272018-11-14T08:17:03\u0027\nSystem info: host: \u0027RAJKAMAL\u0027, ip: \u0027127.0.0.1\u0027, os.name: \u0027Windows 8.1\u0027, os.arch: \u0027amd64\u0027, os.version: \u00276.3\u0027, java.version: \u00271.8.0_291\u0027\nDriver info: org.openqa.selenium.chrome.ChromeDriver\nCapabilities {acceptInsecureCerts: false, browserName: chrome, browserVersion: 95.0.4638.54, chrome: {chromedriverVersion: 95.0.4638.17 (a9d0719444d4b..., userDataDir: C:\\Users\\MA088~1.RAJ\\AppDat...}, goog:chromeOptions: {debuggerAddress: localhost:49948}, javascriptEnabled: true, networkConnectionEnabled: false, pageLoadStrategy: normal, platform: WINDOWS, platformName: WINDOWS, proxy: Proxy(), setWindowRect: true, strictFileInteractability: false, timeouts: {implicit: 0, pageLoad: 300000, script: 30000}, unhandledPromptBehavior: dismiss and notify, webauthn:extension:credBlob: true, webauthn:extension:largeBlob: true, webauthn:virtualAuthenticators: true}\nSession ID: 106a2be00ef1643803731954901ac673\n*** Element info: {Using\u003dxpath, value\u003d//select[@id\u003d\u0027location\u0027]}\r\n\tat sun.reflect.NativeConstructorAccessorImpl.newInstance0(Native Method)\r\n\tat sun.reflect.NativeConstructorAccessorImpl.newInstance(Unknown Source)\r\n\tat sun.reflect.DelegatingConstructorAccessorImpl.newInstance(Unknown Source)\r\n\tat java.lang.reflect.Constructor.newInstance(Unknown Source)\r\n\tat org.openqa.selenium.remote.http.W3CHttpResponseCodec.createException(W3CHttpResponseCodec.java:187)\r\n\tat org.openqa.selenium.remote.http.W3CHttpResponseCodec.decode(W3CHttpResponseCodec.java:122)\r\n\tat org.openqa.selenium.remote.http.W3CHttpResponseCodec.decode(W3CHttpResponseCodec.java:49)\r\n\tat org.openqa.selenium.remote.HttpCommandExecutor.execute(HttpCommandExecutor.java:158)\r\n\tat org.openqa.selenium.remote.service.DriverCommandExecutor.execute(DriverCommandExecutor.java:83)\r\n\tat org.openqa.selenium.remote.RemoteWebDriver.execute(RemoteWebDriver.java:552)\r\n\tat org.openqa.selenium.remote.RemoteWebDriver.findElement(RemoteWebDriver.java:323)\r\n\tat org.openqa.selenium.remote.RemoteWebDriver.findElementByXPath(RemoteWebDriver.java:428)\r\n\tat org.openqa.selenium.By$ByXPath.findElement(By.java:353)\r\n\tat org.openqa.selenium.remote.RemoteWebDriver.findElement(RemoteWebDriver.java:315)\r\n\tat org.openqa.selenium.support.pagefactory.DefaultElementLocator.findElement(DefaultElementLocator.java:69)\r\n\tat org.openqa.selenium.support.pagefactory.internal.LocatingElementHandler.invoke(LocatingElementHandler.java:38)\r\n\tat com.sun.proxy.$Proxy17.getTagName(Unknown Source)\r\n\tat org.openqa.selenium.support.ui.Select.\u003cinit\u003e(Select.java:45)\r\n\tat com.Base_Class_Adactin.Base_Class.drop_down(Base_Class.java:311)\r\n\tat com.StepD.Step_Definition.user_Select_The_Location(Step_Definition.java:52)\r\n\tat ✽.When user Select The Location(src/test/java/com/adactin/feature/Adactin.feature:16)\r\n",
              "status": "failed"
            },
            "line": 16,
            "name": "user Select The Location",
            "match": {
              "location": "Step_Definition.user_Select_The_Location()"
            },
            "keyword": "When "
          },
          {
            "result": {
              "status": "skipped"
            },
            "line": 17,
            "name": "user Select The Hotel",
            "match": {
              "location": "Step_Definition.user_Select_The_Hotel()"
            },
            "keyword": "And "
          },
          {
            "result": {
              "status": "skipped"
            },
            "line": 18,
            "name": "user Select The Room Type",
            "match": {
              "location": "Step_Definition.user_Select_The_Room_Type()"
            },
            "keyword": "And "
          },
          {
            "result": {
              "status": "skipped"
            },
            "line": 19,
            "name": "user Select Number Of Room Required",
            "match": {
              "location": "Step_Definition.user_Select_Number_Of_Room_Required()"
            },
            "keyword": "And "
          },
          {
            "result": {
              "status": "skipped"
            },
            "line": 20,
            "name": "user Select Checkin Date",
            "match": {
              "location": "Step_Definition.user_Select_Checkin_Date()"
            },
            "keyword": "And "
          },
          {
            "result": {
              "status": "skipped"
            },
            "line": 21,
            "name": "user Select Checkout Date",
            "match": {
              "location": "Step_Definition.user_Select_Checkout_Date()"
            },
            "keyword": "And "
          },
          {
            "result": {
              "status": "skipped"
            },
            "line": 22,
            "name": "user Select Number Of Adults Per Room",
            "match": {
              "location": "Step_Definition.user_Select_Number_Of_Adults_Per_Room()"
            },
            "keyword": "And "
          },
          {
            "result": {
              "status": "skipped"
            },
            "line": 23,
            "name": "user Select Number Of Child Per Room",
            "match": {
              "location": "Step_Definition.user_Select_Number_Of_Child_Per_Room()"
            },
            "keyword": "And "
          },
          {
            "result": {
              "status": "skipped"
            },
            "line": 24,
            "name": "user Click On Search Button And It Navigates To Select Hotel Page",
            "match": {
              "location": "Step_Definition.user_Click_On_Search_Button_And_It_Navigates_To_Select_Hotel_Page()"
            },
            "keyword": "Then "
          }
        ],
        "tags": [
          {
            "line": 14,
            "name": "@sanityTest"
          }
        ]
      },
      {
        "line": 27,
        "name": "Select Hotel Page",
        "description": "",
        "id": "hotel-booking-in-adactin-application;select-hotel-page",
        "type": "scenario",
        "keyword": "Scenario",
        "steps": [
          {
            "result": {
              "duration": 24332250,
              "error_message": "org.openqa.selenium.NoSuchElementException: no such element: Unable to locate element: {\"method\":\"xpath\",\"selector\":\"//input[@id\u003d\u0027radiobutton_0\u0027]\"}\n  (Session info: chrome\u003d95.0.4638.54)\nFor documentation on this error, please visit: https://www.seleniumhq.org/exceptions/no_such_element.html\nBuild info: version: \u00273.141.59\u0027, revision: \u0027e82be7d358\u0027, time: \u00272018-11-14T08:17:03\u0027\nSystem info: host: \u0027RAJKAMAL\u0027, ip: \u0027127.0.0.1\u0027, os.name: \u0027Windows 8.1\u0027, os.arch: \u0027amd64\u0027, os.version: \u00276.3\u0027, java.version: \u00271.8.0_291\u0027\nDriver info: org.openqa.selenium.chrome.ChromeDriver\nCapabilities {acceptInsecureCerts: false, browserName: chrome, browserVersion: 95.0.4638.54, chrome: {chromedriverVersion: 95.0.4638.17 (a9d0719444d4b..., userDataDir: C:\\Users\\MA088~1.RAJ\\AppDat...}, goog:chromeOptions: {debuggerAddress: localhost:49948}, javascriptEnabled: true, networkConnectionEnabled: false, pageLoadStrategy: normal, platform: WINDOWS, platformName: WINDOWS, proxy: Proxy(), setWindowRect: true, strictFileInteractability: false, timeouts: {implicit: 0, pageLoad: 300000, script: 30000}, unhandledPromptBehavior: dismiss and notify, webauthn:extension:credBlob: true, webauthn:extension:largeBlob: true, webauthn:virtualAuthenticators: true}\nSession ID: 106a2be00ef1643803731954901ac673\n*** Element info: {Using\u003dxpath, value\u003d//input[@id\u003d\u0027radiobutton_0\u0027]}\r\n\tat sun.reflect.NativeConstructorAccessorImpl.newInstance0(Native Method)\r\n\tat sun.reflect.NativeConstructorAccessorImpl.newInstance(Unknown Source)\r\n\tat sun.reflect.DelegatingConstructorAccessorImpl.newInstance(Unknown Source)\r\n\tat java.lang.reflect.Constructor.newInstance(Unknown Source)\r\n\tat org.openqa.selenium.remote.http.W3CHttpResponseCodec.createException(W3CHttpResponseCodec.java:187)\r\n\tat org.openqa.selenium.remote.http.W3CHttpResponseCodec.decode(W3CHttpResponseCodec.java:122)\r\n\tat org.openqa.selenium.remote.http.W3CHttpResponseCodec.decode(W3CHttpResponseCodec.java:49)\r\n\tat org.openqa.selenium.remote.HttpCommandExecutor.execute(HttpCommandExecutor.java:158)\r\n\tat org.openqa.selenium.remote.service.DriverCommandExecutor.execute(DriverCommandExecutor.java:83)\r\n\tat org.openqa.selenium.remote.RemoteWebDriver.execute(RemoteWebDriver.java:552)\r\n\tat org.openqa.selenium.remote.RemoteWebDriver.findElement(RemoteWebDriver.java:323)\r\n\tat org.openqa.selenium.remote.RemoteWebDriver.findElementByXPath(RemoteWebDriver.java:428)\r\n\tat org.openqa.selenium.By$ByXPath.findElement(By.java:353)\r\n\tat org.openqa.selenium.remote.RemoteWebDriver.findElement(RemoteWebDriver.java:315)\r\n\tat org.openqa.selenium.support.pagefactory.DefaultElementLocator.findElement(DefaultElementLocator.java:69)\r\n\tat org.openqa.selenium.support.pagefactory.internal.LocatingElementHandler.invoke(LocatingElementHandler.java:38)\r\n\tat com.sun.proxy.$Proxy17.click(Unknown Source)\r\n\tat com.Base_Class_Adactin.Base_Class.click(Base_Class.java:111)\r\n\tat com.StepD.Step_Definition.user_Click_On_The_Select_Hotel_Button(Step_Definition.java:115)\r\n\tat ✽.When user Click On The Select Hotel Button(src/test/java/com/adactin/feature/Adactin.feature:28)\r\n",
              "status": "failed"
            },
            "line": 28,
            "name": "user Click On The Select Hotel Button",
            "match": {
              "location": "Step_Definition.user_Click_On_The_Select_Hotel_Button()"
            },
            "keyword": "When "
          },
          {
            "result": {
              "status": "skipped"
            },
            "line": 29,
            "name": "user Click On Continue Button And It Navigates To Book A Hotel Page",
            "match": {
              "location": "Step_Definition.user_Click_On_Continue_Button_And_It_Navigates_To_Book_A_Hotel_Page()"
            },
            "keyword": "Then "
          }
        ],
        "tags": [
          {
            "line": 26,
            "name": "@sanityTest"
          }
        ]
      },
      {
        "line": 32,
        "name": "Book A Hotel Page",
        "description": "",
        "id": "hotel-booking-in-adactin-application;book-a-hotel-page",
        "type": "scenario",
        "keyword": "Scenario",
        "steps": [
          {
            "result": {
              "duration": 24638451,
              "error_message": "org.openqa.selenium.NoSuchElementException: no such element: Unable to locate element: {\"method\":\"xpath\",\"selector\":\"//input[@id\u003d\u0027first_name\u0027]\"}\n  (Session info: chrome\u003d95.0.4638.54)\nFor documentation on this error, please visit: https://www.seleniumhq.org/exceptions/no_such_element.html\nBuild info: version: \u00273.141.59\u0027, revision: \u0027e82be7d358\u0027, time: \u00272018-11-14T08:17:03\u0027\nSystem info: host: \u0027RAJKAMAL\u0027, ip: \u0027127.0.0.1\u0027, os.name: \u0027Windows 8.1\u0027, os.arch: \u0027amd64\u0027, os.version: \u00276.3\u0027, java.version: \u00271.8.0_291\u0027\nDriver info: org.openqa.selenium.chrome.ChromeDriver\nCapabilities {acceptInsecureCerts: false, browserName: chrome, browserVersion: 95.0.4638.54, chrome: {chromedriverVersion: 95.0.4638.17 (a9d0719444d4b..., userDataDir: C:\\Users\\MA088~1.RAJ\\AppDat...}, goog:chromeOptions: {debuggerAddress: localhost:49948}, javascriptEnabled: true, networkConnectionEnabled: false, pageLoadStrategy: normal, platform: WINDOWS, platformName: WINDOWS, proxy: Proxy(), setWindowRect: true, strictFileInteractability: false, timeouts: {implicit: 0, pageLoad: 300000, script: 30000}, unhandledPromptBehavior: dismiss and notify, webauthn:extension:credBlob: true, webauthn:extension:largeBlob: true, webauthn:virtualAuthenticators: true}\nSession ID: 106a2be00ef1643803731954901ac673\n*** Element info: {Using\u003dxpath, value\u003d//input[@id\u003d\u0027first_name\u0027]}\r\n\tat sun.reflect.NativeConstructorAccessorImpl.newInstance0(Native Method)\r\n\tat sun.reflect.NativeConstructorAccessorImpl.newInstance(Unknown Source)\r\n\tat sun.reflect.DelegatingConstructorAccessorImpl.newInstance(Unknown Source)\r\n\tat java.lang.reflect.Constructor.newInstance(Unknown Source)\r\n\tat org.openqa.selenium.remote.http.W3CHttpResponseCodec.createException(W3CHttpResponseCodec.java:187)\r\n\tat org.openqa.selenium.remote.http.W3CHttpResponseCodec.decode(W3CHttpResponseCodec.java:122)\r\n\tat org.openqa.selenium.remote.http.W3CHttpResponseCodec.decode(W3CHttpResponseCodec.java:49)\r\n\tat org.openqa.selenium.remote.HttpCommandExecutor.execute(HttpCommandExecutor.java:158)\r\n\tat org.openqa.selenium.remote.service.DriverCommandExecutor.execute(DriverCommandExecutor.java:83)\r\n\tat org.openqa.selenium.remote.RemoteWebDriver.execute(RemoteWebDriver.java:552)\r\n\tat org.openqa.selenium.remote.RemoteWebDriver.findElement(RemoteWebDriver.java:323)\r\n\tat org.openqa.selenium.remote.RemoteWebDriver.findElementByXPath(RemoteWebDriver.java:428)\r\n\tat org.openqa.selenium.By$ByXPath.findElement(By.java:353)\r\n\tat org.openqa.selenium.remote.RemoteWebDriver.findElement(RemoteWebDriver.java:315)\r\n\tat org.openqa.selenium.support.pagefactory.DefaultElementLocator.findElement(DefaultElementLocator.java:69)\r\n\tat org.openqa.selenium.support.pagefactory.internal.LocatingElementHandler.invoke(LocatingElementHandler.java:38)\r\n\tat com.sun.proxy.$Proxy17.sendKeys(Unknown Source)\r\n\tat com.Base_Class_Adactin.Base_Class.inputelement(Base_Class.java:185)\r\n\tat com.StepD.Step_Definition.user_Enter_The_Firstname(Step_Definition.java:129)\r\n\tat ✽.When user Enter The Firstname(src/test/java/com/adactin/feature/Adactin.feature:33)\r\n",
              "status": "failed"
            },
            "line": 33,
            "name": "user Enter The Firstname",
            "match": {
              "location": "Step_Definition.user_Enter_The_Firstname()"
            },
            "keyword": "When "
          },
          {
            "result": {
              "status": "skipped"
            },
            "line": 34,
            "name": "user Enter The Lastname",
            "match": {
              "location": "Step_Definition.user_Enter_The_Lastname()"
            },
            "keyword": "And "
          },
          {
            "result": {
              "status": "skipped"
            },
            "line": 35,
            "name": "user Enter The Address",
            "match": {
              "location": "Step_Definition.user_Enter_The_Address()"
            },
            "keyword": "And "
          },
          {
            "result": {
              "status": "skipped"
            },
            "line": 36,
            "name": "user Enter The Credit Card Number",
            "match": {
              "location": "Step_Definition.user_Enter_The_Credit_Card_Number()"
            },
            "keyword": "And "
          },
          {
            "result": {
              "status": "skipped"
            },
            "line": 37,
            "name": "user Select The Credit Card Type",
            "match": {
              "location": "Step_Definition.user_Select_The_Credit_Card_Type()"
            },
            "keyword": "And "
          },
          {
            "result": {
              "status": "skipped"
            },
            "line": 38,
            "name": "user Select Credit Card Expiry Month",
            "match": {
              "location": "Step_Definition.user_Select_Credit_Card_Expiry_Month()"
            },
            "keyword": "And "
          },
          {
            "result": {
              "status": "skipped"
            },
            "line": 39,
            "name": "user Select Credit Card Expiry Year",
            "match": {
              "location": "Step_Definition.user_Select_Credit_Card_Expiry_Year()"
            },
            "keyword": "And "
          },
          {
            "result": {
              "status": "skipped"
            },
            "line": 40,
            "name": "user Enter Cvv Number",
            "match": {
              "location": "Step_Definition.user_Enter_Cvv_Number()"
            },
            "keyword": "And "
          },
          {
            "result": {
              "status": "skipped"
            },
            "line": 41,
            "name": "user Click on Book Now Button And It Navigates To Booking Confirmation Page",
            "match": {
              "location": "Step_Definition.user_Click_on_Book_Now_Button_And_It_Navigates_To_Booking_Confirmation_Page()"
            },
            "keyword": "Then "
          }
        ],
        "tags": [
          {
            "line": 31,
            "name": "@smokeTest"
          }
        ]
      },
      {
        "line": 44,
        "name": "Booking Confirmation Page",
        "description": "",
        "id": "hotel-booking-in-adactin-application;booking-confirmation-page",
        "type": "scenario",
        "keyword": "Scenario",
        "steps": [
          {
            "result": {
              "duration": 10138010048,
              "error_message": "org.openqa.selenium.NoSuchElementException: no such element: Unable to locate element: {\"method\":\"xpath\",\"selector\":\"//input[@id\u003d\u0027my_itinerary\u0027]\"}\n  (Session info: chrome\u003d95.0.4638.54)\nFor documentation on this error, please visit: https://www.seleniumhq.org/exceptions/no_such_element.html\nBuild info: version: \u00273.141.59\u0027, revision: \u0027e82be7d358\u0027, time: \u00272018-11-14T08:17:03\u0027\nSystem info: host: \u0027RAJKAMAL\u0027, ip: \u0027127.0.0.1\u0027, os.name: \u0027Windows 8.1\u0027, os.arch: \u0027amd64\u0027, os.version: \u00276.3\u0027, java.version: \u00271.8.0_291\u0027\nDriver info: org.openqa.selenium.chrome.ChromeDriver\nCapabilities {acceptInsecureCerts: false, browserName: chrome, browserVersion: 95.0.4638.54, chrome: {chromedriverVersion: 95.0.4638.17 (a9d0719444d4b..., userDataDir: C:\\Users\\MA088~1.RAJ\\AppDat...}, goog:chromeOptions: {debuggerAddress: localhost:49948}, javascriptEnabled: true, networkConnectionEnabled: false, pageLoadStrategy: normal, platform: WINDOWS, platformName: WINDOWS, proxy: Proxy(), setWindowRect: true, strictFileInteractability: false, timeouts: {implicit: 0, pageLoad: 300000, script: 30000}, unhandledPromptBehavior: dismiss and notify, webauthn:extension:credBlob: true, webauthn:extension:largeBlob: true, webauthn:virtualAuthenticators: true}\nSession ID: 106a2be00ef1643803731954901ac673\n*** Element info: {Using\u003dxpath, value\u003d//input[@id\u003d\u0027my_itinerary\u0027]}\r\n\tat sun.reflect.NativeConstructorAccessorImpl.newInstance0(Native Method)\r\n\tat sun.reflect.NativeConstructorAccessorImpl.newInstance(Unknown Source)\r\n\tat sun.reflect.DelegatingConstructorAccessorImpl.newInstance(Unknown Source)\r\n\tat java.lang.reflect.Constructor.newInstance(Unknown Source)\r\n\tat org.openqa.selenium.remote.http.W3CHttpResponseCodec.createException(W3CHttpResponseCodec.java:187)\r\n\tat org.openqa.selenium.remote.http.W3CHttpResponseCodec.decode(W3CHttpResponseCodec.java:122)\r\n\tat org.openqa.selenium.remote.http.W3CHttpResponseCodec.decode(W3CHttpResponseCodec.java:49)\r\n\tat org.openqa.selenium.remote.HttpCommandExecutor.execute(HttpCommandExecutor.java:158)\r\n\tat org.openqa.selenium.remote.service.DriverCommandExecutor.execute(DriverCommandExecutor.java:83)\r\n\tat org.openqa.selenium.remote.RemoteWebDriver.execute(RemoteWebDriver.java:552)\r\n\tat org.openqa.selenium.remote.RemoteWebDriver.findElement(RemoteWebDriver.java:323)\r\n\tat org.openqa.selenium.remote.RemoteWebDriver.findElementByXPath(RemoteWebDriver.java:428)\r\n\tat org.openqa.selenium.By$ByXPath.findElement(By.java:353)\r\n\tat org.openqa.selenium.remote.RemoteWebDriver.findElement(RemoteWebDriver.java:315)\r\n\tat org.openqa.selenium.support.pagefactory.DefaultElementLocator.findElement(DefaultElementLocator.java:69)\r\n\tat org.openqa.selenium.support.pagefactory.internal.LocatingElementHandler.invoke(LocatingElementHandler.java:38)\r\n\tat com.sun.proxy.$Proxy17.click(Unknown Source)\r\n\tat com.Base_Class_Adactin.Base_Class.click(Base_Class.java:111)\r\n\tat com.StepD.Step_Definition.user_Click_On_My_Itinerary_Button_And_It_Naviagtes_To_Booked_Itinerary_Page(Step_Definition.java:194)\r\n\tat ✽.Then user Click On My Itinerary Button And It Naviagtes To Booked Itinerary Page(src/test/java/com/adactin/feature/Adactin.feature:45)\r\n",
              "status": "failed"
            },
            "line": 45,
            "name": "user Click On My Itinerary Button And It Naviagtes To Booked Itinerary Page",
            "match": {
              "location": "Step_Definition.user_Click_On_My_Itinerary_Button_And_It_Naviagtes_To_Booked_Itinerary_Page()"
            },
            "keyword": "Then "
          }
        ],
        "tags": [
          {
            "line": 43,
            "name": "@sanityTest"
          }
        ]
      },
      {
        "line": 48,
        "name": "Booked Itinerary Page",
        "description": "",
        "id": "hotel-booking-in-adactin-application;booked-itinerary-page",
        "type": "scenario",
        "keyword": "Scenario",
        "steps": [
          {
            "result": {
              "duration": 3930850429,
              "error_message": "org.openqa.selenium.NoSuchElementException: Cannot locate an element using xpath\u003d//a[contains(text(),\u0027Logout\u0027)]\nFor documentation on this error, please visit: https://www.seleniumhq.org/exceptions/no_such_element.html\nBuild info: version: \u00273.141.59\u0027, revision: \u0027e82be7d358\u0027, time: \u00272018-11-14T08:17:03\u0027\nSystem info: host: \u0027RAJKAMAL\u0027, ip: \u0027127.0.0.1\u0027, os.name: \u0027Windows 8.1\u0027, os.arch: \u0027amd64\u0027, os.version: \u00276.3\u0027, java.version: \u00271.8.0_291\u0027\nDriver info: driver.version: RemoteWebDriver\r\n\tat org.openqa.selenium.remote.RemoteWebDriver.findElement(RemoteWebDriver.java:327)\r\n\tat org.openqa.selenium.remote.RemoteWebDriver.findElementByXPath(RemoteWebDriver.java:428)\r\n\tat org.openqa.selenium.By$ByXPath.findElement(By.java:353)\r\n\tat org.openqa.selenium.remote.RemoteWebDriver.findElement(RemoteWebDriver.java:315)\r\n\tat org.openqa.selenium.support.pagefactory.DefaultElementLocator.findElement(DefaultElementLocator.java:69)\r\n\tat org.openqa.selenium.support.pagefactory.internal.LocatingElementHandler.invoke(LocatingElementHandler.java:38)\r\n\tat com.sun.proxy.$Proxy17.click(Unknown Source)\r\n\tat com.Base_Class_Adactin.Base_Class.click(Base_Class.java:111)\r\n\tat com.StepD.Step_Definition.user_Click_On_Logout_Button_And_It_Navigates_To_Login_Again_Page(Step_Definition.java:203)\r\n\tat ✽.Then user Click On Logout Button And It Navigates To Login Again Page(src/test/java/com/adactin/feature/Adactin.feature:49)\r\n",
              "status": "failed"
            },
            "line": 49,
            "name": "user Click On Logout Button And It Navigates To Login Again Page",
            "match": {
              "location": "Step_Definition.user_Click_On_Logout_Button_And_It_Navigates_To_Login_Again_Page()"
            },
            "keyword": "Then "
          }
        ],
        "tags": [
          {
            "line": 47,
            "name": "@sanityTest"
          }
        ]
      }
    ],
    "name": "Hotel Booking In Adactin Application",
    "description": "",
    "id": "hotel-booking-in-adactin-application",
    "keyword": "Feature",
    "uri": "src/test/java/com/adactin/feature/Adactin.feature"
  }
]